Determining if the pthread_create exist failed with the following output:
Change Dir: /home/bailiqun/NaviX/build/CMakeFiles/CMakeTmp

Run Build Command:"/usr/bin/make" "cmTC_b7107/fast"
/usr/bin/make -f CMakeFiles/cmTC_b7107.dir/build.make CMakeFiles/cmTC_b7107.dir/build
make[1]: Entering directory `/home/bailiqun/NaviX/build/CMakeFiles/CMakeTmp'
Building C object CMakeFiles/cmTC_b7107.dir/CheckSymbolExists.c.o
/usr/bin/cc     -o CMakeFiles/cmTC_b7107.dir/CheckSymbolExists.c.o   -c /home/bailiqun/NaviX/build/CMakeFiles/CMakeTmp/CheckSymbolExists.c
Linking C executable cmTC_b7107
/usr/bin/cmake -E cmake_link_script CMakeFiles/cmTC_b7107.dir/link.txt --verbose=1
/usr/bin/cc       CMakeFiles/cmTC_b7107.dir/CheckSymbolExists.c.o  -o cmTC_b7107 -rdynamic 
CMakeFiles/cmTC_b7107.dir/CheckSymbolExists.c.o: In function `main':
CheckSymbolExists.c:(.text+0x16): undefined reference to `pthread_create'
collect2: error: ld returned 1 exit status
make[1]: *** [cmTC_b7107] Error 1
make[1]: Leaving directory `/home/bailiqun/NaviX/build/CMakeFiles/CMakeTmp'
make: *** [cmTC_b7107/fast] Error 2

File /home/bailiqun/NaviX/build/CMakeFiles/CMakeTmp/CheckSymbolExists.c:
/* */
#include <pthread.h>

int main(int argc, char** argv)
{
  (void)argv;
#ifndef pthread_create
  return ((int*)(&pthread_create))[argc];
#else
  (void)argc;
  return 0;
#endif
}

Determining if the function pthread_create exists in the pthreads failed with the following output:
Change Dir: /home/bailiqun/NaviX/build/CMakeFiles/CMakeTmp

Run Build Command:"/usr/bin/make" "cmTC_aae4a/fast"
/usr/bin/make -f CMakeFiles/cmTC_aae4a.dir/build.make CMakeFiles/cmTC_aae4a.dir/build
make[1]: Entering directory `/home/bailiqun/NaviX/build/CMakeFiles/CMakeTmp'
Building C object CMakeFiles/cmTC_aae4a.dir/CheckFunctionExists.c.o
/usr/bin/cc    -DCHECK_FUNCTION_EXISTS=pthread_create   -o CMakeFiles/cmTC_aae4a.dir/CheckFunctionExists.c.o   -c /usr/share/cmake-3.5/Modules/CheckFunctionExists.c
Linking C executable cmTC_aae4a
/usr/bin/cmake -E cmake_link_script CMakeFiles/cmTC_aae4a.dir/link.txt --verbose=1
/usr/bin/cc   -DCHECK_FUNCTION_EXISTS=pthread_create    CMakeFiles/cmTC_aae4a.dir/CheckFunctionExists.c.o  -o cmTC_aae4a -rdynamic -lpthreads 
/usr/bin/ld: cannot find -lpthreads
collect2: error: ld returned 1 exit status
make[1]: *** [cmTC_aae4a] Error 1
make[1]: Leaving directory `/home/bailiqun/NaviX/build/CMakeFiles/CMakeTmp'
make: *** [cmTC_aae4a/fast] Error 2


